# JRE version: OpenJDK Runtime Environment Temurin-17.0.6+10 (17.0.6+10) (build 17.0.6+10)
# Java VM: OpenJDK 64-Bit Server VM Temurin-17.0.6+10 (17.0.6+10, mixed mode, tiered, compressed oops, compressed class ptrs, g1 gc, windows-amd64)
GC Precious Log:
 CPUs: 8 total, 8 available
 Memory: 6082M
 Large Page Support: Disabled
 NUMA Support: Disabled
 Compressed Oops: Enabled (32-bit)
 Heap Region Size: 1M
 Heap Min Capacity: 8M
 Heap Initial Capacity: 96M
 Heap Max Capacity: 1522M
 Pre-touch: Disabled
 Parallel Workers: 8
 Concurrent Workers: 2
 Concurrent Refinement Workers: 8
 Periodic GC: Disabled
Heap:
 garbage-first heap   total 48128K, used 27494K [0x00000000a0e00000, 0x0000000100000000)
  region size 1024K, 3 young (3072K), 1 survivors (1024K)
 Metaspace       used 60473K, committed 60800K, reserved 1105920K
  class space    used 7875K, committed 8064K, reserved 1048576K
GC Heap History (20 events):
Event: 6.284 GC heap before
{Heap before GC invocations=7 (full 0):
 garbage-first heap   total 48128K, used 33080K [0x00000000a0e00000, 0x0000000100000000)
  region size 1024K, 20 young (20480K), 2 survivors (2048K)
 Metaspace       used 30853K, committed 31168K, reserved 1081344K
  class space    used 3567K, committed 3712K, reserved 1048576K
}
Event: 6.289 GC heap after
{Heap after GC invocations=8 (full 0):
 garbage-first heap   total 48128K, used 15868K [0x00000000a0e00000, 0x0000000100000000)
  region size 1024K, 2 young (2048K), 2 survivors (2048K)
 Metaspace       used 30853K, committed 31168K, reserved 1081344K
  class space    used 3567K, committed 3712K, reserved 1048576K
}
Event: 7.107 GC heap before
{Heap before GC invocations=8 (full 0):
 garbage-first heap   total 48128K, used 34300K [0x00000000a0e00000, 0x0000000100000000)
  region size 1024K, 20 young (20480K), 2 survivors (2048K)
 Metaspace       used 33602K, committed 33920K, reserved 1081344K
  class space    used 4017K, committed 4160K, reserved 1048576K
}
Event: 7.113 GC heap after
{Heap after GC invocations=9 (full 0):
 garbage-first heap   total 48128K, used 17026K [0x00000000a0e00000, 0x0000000100000000)
  region size 1024K, 3 young (3072K), 3 survivors (3072K)
 Metaspace       used 33602K, committed 33920K, reserved 1081344K
  class space    used 4017K, committed 4160K, reserved 1048576K
}
Event: 8.105 GC heap before
{Heap before GC invocations=9 (full 0):
 garbage-first heap   total 48128K, used 31362K [0x00000000a0e00000, 0x0000000100000000)
  region size 1024K, 19 young (19456K), 3 survivors (3072K)
 Metaspace       used 35731K, committed 35968K, reserved 1081344K
  class space    used 4338K, committed 4480K, reserved 1048576K
}
Event: 8.113 GC heap after
{Heap after GC invocations=10 (full 0):
 garbage-first heap   total 48128K, used 18154K [0x00000000a0e00000, 0x0000000100000000)
  region size 1024K, 3 young (3072K), 3 survivors (3072K)
 Metaspace       used 35731K, committed 35968K, reserved 1081344K
  class space    used 4338K, committed 4480K, reserved 1048576K
}
Event: 8.978 GC heap before
{Heap before GC invocations=11 (full 0):
 garbage-first heap   total 48128K, used 36586K [0x00000000a0e00000, 0x0000000100000000)
  region size 1024K, 21 young (21504K), 3 survivors (3072K)
 Metaspace       used 39679K, committed 39936K, reserved 1089536K
  class space    used 4992K, committed 5120K, reserved 1048576K
}
Event: 8.984 GC heap after
{Heap after GC invocations=12 (full 0):
 garbage-first heap   total 48128K, used 19352K [0x00000000a0e00000, 0x0000000100000000)
  region size 1024K, 3 young (3072K), 3 survivors (3072K)
 Metaspace       used 39679K, committed 39936K, reserved 1089536K
  class space    used 4992K, committed 5120K, reserved 1048576K
}
Event: 9.748 GC heap before
{Heap before GC invocations=12 (full 0):
 garbage-first heap   total 48128K, used 36760K [0x00000000a0e00000, 0x0000000100000000)
  region size 1024K, 20 young (20480K), 3 survivors (3072K)
 Metaspace       used 42498K, committed 42816K, reserved 1089536K
  class space    used 5488K, committed 5632K, reserved 1048576K
}
Event: 9.756 GC heap after
{Heap after GC invocations=13 (full 0):
 garbage-first heap   total 48128K, used 20268K [0x00000000a0e00000, 0x0000000100000000)
  region size 1024K, 3 young (3072K), 3 survivors (3072K)
 Metaspace       used 42498K, committed 42816K, reserved 1089536K
  class space    used 5488K, committed 5632K, reserved 1048576K
}
Event: 10.634 GC heap before
{Heap before GC invocations=13 (full 0):
 garbage-first heap   total 48128K, used 37676K [0x00000000a0e00000, 0x0000000100000000)
  region size 1024K, 20 young (20480K), 3 survivors (3072K)
 Metaspace       used 43961K, committed 44288K, reserved 1089536K
  class space    used 5714K, committed 5888K, reserved 1048576K
}
Event: 10.643 GC heap after
{Heap after GC invocations=14 (full 0):
 garbage-first heap   total 48128K, used 21761K [0x00000000a0e00000, 0x0000000100000000)
  region size 1024K, 3 young (3072K), 3 survivors (3072K)
 Metaspace       used 43961K, committed 44288K, reserved 1089536K
  class space    used 5714K, committed 5888K, reserved 1048576K
}
Event: 11.523 GC heap before
{Heap before GC invocations=14 (full 0):
 garbage-first heap   total 48128K, used 37121K [0x00000000a0e00000, 0x0000000100000000)
  region size 1024K, 19 young (19456K), 3 survivors (3072K)
 Metaspace       used 47093K, committed 47424K, reserved 1097728K
  class space    used 6129K, committed 6272K, reserved 1048576K
}
Event: 11.528 GC heap after
{Heap after GC invocations=15 (full 0):
 garbage-first heap   total 48128K, used 22733K [0x00000000a0e00000, 0x0000000100000000)
  region size 1024K, 2 young (2048K), 2 survivors (2048K)
 Metaspace       used 47093K, committed 47424K, reserved 1097728K
  class space    used 6129K, committed 6272K, reserved 1048576K
}
Event: 12.076 GC heap before
{Heap before GC invocations=15 (full 0):
 garbage-first heap   total 48128K, used 37069K [0x00000000a0e00000, 0x0000000100000000)
  region size 1024K, 17 young (17408K), 2 survivors (2048K)
 Metaspace       used 52055K, committed 52352K, reserved 1097728K
  class space    used 6817K, committed 6976K, reserved 1048576K
}
Event: 12.080 GC heap after
{Heap after GC invocations=16 (full 0):
 garbage-first heap   total 48128K, used 24467K [0x00000000a0e00000, 0x0000000100000000)
  region size 1024K, 3 young (3072K), 3 survivors (3072K)
 Metaspace       used 52055K, committed 52352K, reserved 1097728K
  class space    used 6817K, committed 6976K, reserved 1048576K
}
Event: 12.761 GC heap before
{Heap before GC invocations=16 (full 0):
 garbage-first heap   total 48128K, used 38803K [0x00000000a0e00000, 0x0000000100000000)
  region size 1024K, 17 young (17408K), 3 survivors (3072K)
 Metaspace       used 57701K, committed 58048K, reserved 1105920K
  class space    used 7538K, committed 7680K, reserved 1048576K
}
Event: 12.769 GC heap after
{Heap after GC invocations=17 (full 0):
 garbage-first heap   total 48128K, used 25770K [0x00000000a0e00000, 0x0000000100000000)
  region size 1024K, 2 young (2048K), 2 survivors (2048K)
 Metaspace       used 57701K, committed 58048K, reserved 1105920K
  class space    used 7538K, committed 7680K, reserved 1048576K
}
Event: 13.118 GC heap before
{Heap before GC invocations=17 (full 0):
 garbage-first heap   total 48128K, used 33962K [0x00000000a0e00000, 0x0000000100000000)
  region size 1024K, 12 young (12288K), 2 survivors (2048K)
 Metaspace       used 59858K, committed 60160K, reserved 1105920K
  class space    used 7780K, committed 7936K, reserved 1048576K
}
Event: 13.122 GC heap after
{Heap after GC invocations=18 (full 0):
 garbage-first heap   total 48128K, used 26470K [0x00000000a0e00000, 0x0000000100000000)
  region size 1024K, 1 young (1024K), 1 survivors (1024K)
 Metaspace       used 59858K, committed 60160K, reserved 1105920K
  class space    used 7780K, committed 7936K, reserved 1048576K
}

