# JRE version: OpenJDK Runtime Environment Temurin-17.0.6+10 (17.0.6+10) (build 17.0.6+10)
# Java VM: OpenJDK 64-Bit Server VM Temurin-17.0.6+10 (17.0.6+10, mixed mode, tiered, compressed oops, compressed class ptrs, g1 gc, windows-amd64)
GC Precious Log:
 CPUs: 8 total, 8 available
 Memory: 6082M
 Large Page Support: Disabled
 NUMA Support: Disabled
 Compressed Oops: Enabled (32-bit)
 Heap Region Size: 1M
 Heap Min Capacity: 8M
 Heap Initial Capacity: 96M
 Heap Max Capacity: 1522M
 Pre-touch: Disabled
 Parallel Workers: 8
 Concurrent Workers: 2
 Concurrent Refinement Workers: 8
 Periodic GC: Disabled
Heap:
 garbage-first heap   total 51200K, used 27453K [0x00000000a0e00000, 0x0000000100000000)
  region size 1024K, 10 young (10240K), 2 survivors (2048K)
 Metaspace       used 43250K, committed 43584K, reserved 1089536K
  class space    used 5584K, committed 5760K, reserved 1048576K
GC Heap History (20 events):
Event: 1.572 GC heap before
{Heap before GC invocations=0 (full 0):
 garbage-first heap   total 98304K, used 24576K [0x00000000a0e00000, 0x0000000100000000)
  region size 1024K, 23 young (23552K), 0 survivors (0K)
 Metaspace       used 11589K, committed 11776K, reserved 1064960K
  class space    used 1195K, committed 1280K, reserved 1048576K
}
Event: 1.580 GC heap after
{Heap after GC invocations=1 (full 0):
 garbage-first heap   total 98304K, used 9355K [0x00000000a0e00000, 0x0000000100000000)
  region size 1024K, 3 young (3072K), 3 survivors (3072K)
 Metaspace       used 11589K, committed 11776K, reserved 1064960K
  class space    used 1195K, committed 1280K, reserved 1048576K
}
Event: 2.923 GC heap before
{Heap before GC invocations=1 (full 0):
 garbage-first heap   total 98304K, used 37003K [0x00000000a0e00000, 0x0000000100000000)
  region size 1024K, 30 young (30720K), 3 survivors (3072K)
 Metaspace       used 19787K, committed 19968K, reserved 1073152K
  class space    used 2174K, committed 2240K, reserved 1048576K
}
Event: 2.933 GC heap after
{Heap after GC invocations=2 (full 0):
 garbage-first heap   total 98304K, used 11896K [0x00000000a0e00000, 0x0000000100000000)
  region size 1024K, 3 young (3072K), 3 survivors (3072K)
 Metaspace       used 19787K, committed 19968K, reserved 1073152K
  class space    used 2174K, committed 2240K, reserved 1048576K
}
Event: 4.562 GC heap before
{Heap before GC invocations=2 (full 0):
 garbage-first heap   total 98304K, used 19064K [0x00000000a0e00000, 0x0000000100000000)
  region size 1024K, 11 young (11264K), 3 survivors (3072K)
 Metaspace       used 21334K, committed 21504K, reserved 1073152K
  class space    used 2392K, committed 2496K, reserved 1048576K
}
Event: 4.568 GC heap after
{Heap after GC invocations=3 (full 0):
 garbage-first heap   total 98304K, used 12563K [0x00000000a0e00000, 0x0000000100000000)
  region size 1024K, 4 young (4096K), 4 survivors (4096K)
 Metaspace       used 21334K, committed 21504K, reserved 1073152K
  class space    used 2392K, committed 2496K, reserved 1048576K
}
Event: 5.222 GC heap before
{Heap before GC invocations=4 (full 0):
 garbage-first heap   total 51200K, used 36115K [0x00000000a0e00000, 0x0000000100000000)
  region size 1024K, 28 young (28672K), 4 survivors (4096K)
 Metaspace       used 27164K, committed 27392K, reserved 1073152K
  class space    used 3115K, committed 3200K, reserved 1048576K
}
Event: 5.228 GC heap after
{Heap after GC invocations=5 (full 0):
 garbage-first heap   total 51200K, used 14030K [0x00000000a0e00000, 0x0000000100000000)
  region size 1024K, 3 young (3072K), 3 survivors (3072K)
 Metaspace       used 27164K, committed 27392K, reserved 1073152K
  class space    used 3115K, committed 3200K, reserved 1048576K
}
Event: 5.796 GC heap before
{Heap before GC invocations=5 (full 0):
 garbage-first heap   total 51200K, used 32462K [0x00000000a0e00000, 0x0000000100000000)
  region size 1024K, 22 young (22528K), 3 survivors (3072K)
 Metaspace       used 29838K, committed 30080K, reserved 1081344K
  class space    used 3447K, committed 3584K, reserved 1048576K
}
Event: 5.802 GC heap after
{Heap after GC invocations=6 (full 0):
 garbage-first heap   total 51200K, used 15556K [0x00000000a0e00000, 0x0000000100000000)
  region size 1024K, 3 young (3072K), 3 survivors (3072K)
 Metaspace       used 29838K, committed 30080K, reserved 1081344K
  class space    used 3447K, committed 3584K, reserved 1048576K
}
Event: 6.631 GC heap before
{Heap before GC invocations=6 (full 0):
 garbage-first heap   total 51200K, used 35012K [0x00000000a0e00000, 0x0000000100000000)
  region size 1024K, 22 young (22528K), 3 survivors (3072K)
 Metaspace       used 31093K, committed 31296K, reserved 1081344K
  class space    used 3605K, committed 3712K, reserved 1048576K
}
Event: 6.641 GC heap after
{Heap after GC invocations=7 (full 0):
 garbage-first heap   total 51200K, used 16535K [0x00000000a0e00000, 0x0000000100000000)
  region size 1024K, 2 young (2048K), 2 survivors (2048K)
 Metaspace       used 31093K, committed 31296K, reserved 1081344K
  class space    used 3605K, committed 3712K, reserved 1048576K
}
Event: 7.494 GC heap before
{Heap before GC invocations=7 (full 0):
 garbage-first heap   total 51200K, used 35991K [0x00000000a0e00000, 0x0000000100000000)
  region size 1024K, 21 young (21504K), 2 survivors (2048K)
 Metaspace       used 34131K, committed 34368K, reserved 1081344K
  class space    used 4109K, committed 4224K, reserved 1048576K
}
Event: 7.501 GC heap after
{Heap after GC invocations=8 (full 0):
 garbage-first heap   total 51200K, used 17509K [0x00000000a0e00000, 0x0000000100000000)
  region size 1024K, 3 young (3072K), 3 survivors (3072K)
 Metaspace       used 34131K, committed 34368K, reserved 1081344K
  class space    used 4109K, committed 4224K, reserved 1048576K
}
Event: 8.477 GC heap before
{Heap before GC invocations=8 (full 0):
 garbage-first heap   total 51200K, used 29797K [0x00000000a0e00000, 0x0000000100000000)
  region size 1024K, 16 young (16384K), 3 survivors (3072K)
 Metaspace       used 35737K, committed 35968K, reserved 1081344K
  class space    used 4338K, committed 4480K, reserved 1048576K
}
Event: 8.484 GC heap after
{Heap after GC invocations=9 (full 0):
 garbage-first heap   total 51200K, used 18219K [0x00000000a0e00000, 0x0000000100000000)
  region size 1024K, 2 young (2048K), 2 survivors (2048K)
 Metaspace       used 35737K, committed 35968K, reserved 1081344K
  class space    used 4338K, committed 4480K, reserved 1048576K
}
Event: 9.242 GC heap before
{Heap before GC invocations=10 (full 0):
 garbage-first heap   total 51200K, used 37675K [0x00000000a0e00000, 0x0000000100000000)
  region size 1024K, 21 young (21504K), 2 survivors (2048K)
 Metaspace       used 39926K, committed 40128K, reserved 1089536K
  class space    used 5024K, committed 5120K, reserved 1048576K
}
Event: 9.248 GC heap after
{Heap after GC invocations=11 (full 0):
 garbage-first heap   total 51200K, used 19784K [0x00000000a0e00000, 0x0000000100000000)
  region size 1024K, 3 young (3072K), 3 survivors (3072K)
 Metaspace       used 39926K, committed 40128K, reserved 1089536K
  class space    used 5024K, committed 5120K, reserved 1048576K
}
Event: 9.989 GC heap before
{Heap before GC invocations=11 (full 0):
 garbage-first heap   total 51200K, used 38216K [0x00000000a0e00000, 0x0000000100000000)
  region size 1024K, 21 young (21504K), 3 survivors (3072K)
 Metaspace       used 42582K, committed 42944K, reserved 1089536K
  class space    used 5493K, committed 5696K, reserved 1048576K
}
Event: 9.996 GC heap after
{Heap after GC invocations=12 (full 0):
 garbage-first heap   total 51200K, used 20285K [0x00000000a0e00000, 0x0000000100000000)
  region size 1024K, 2 young (2048K), 2 survivors (2048K)
 Metaspace       used 42582K, committed 42944K, reserved 1089536K
  class space    used 5493K, committed 5696K, reserved 1048576K
}

