# JRE version: OpenJDK Runtime Environment Temurin-17.0.6+10 (17.0.6+10) (build 17.0.6+10)
# Java VM: OpenJDK 64-Bit Server VM Temurin-17.0.6+10 (17.0.6+10, mixed mode, tiered, compressed oops, compressed class ptrs, g1 gc, windows-amd64)
GC Precious Log:
 CPUs: 8 total, 8 available
 Memory: 6082M
 Large Page Support: Disabled
 NUMA Support: Disabled
 Compressed Oops: Enabled (32-bit)
 Heap Region Size: 1M
 Heap Min Capacity: 8M
 Heap Initial Capacity: 96M
 Heap Max Capacity: 1522M
 Pre-touch: Disabled
 Parallel Workers: 8
 Concurrent Workers: 2
 Concurrent Refinement Workers: 8
 Periodic GC: Disabled
Heap:
 garbage-first heap   total 58368K, used 41311K [0x00000000a0e00000, 0x0000000100000000)
  region size 1024K, 25 young (25600K), 3 survivors (3072K)
 Metaspace       used 42864K, committed 43200K, reserved 1089536K
  class space    used 5526K, committed 5696K, reserved 1048576K
GC Heap History (18 events):
Event: 1.357 GC heap before
{Heap before GC invocations=0 (full 0):
 garbage-first heap   total 98304K, used 24576K [0x00000000a0e00000, 0x0000000100000000)
  region size 1024K, 23 young (23552K), 0 survivors (0K)
 Metaspace       used 11539K, committed 11712K, reserved 1064960K
  class space    used 1186K, committed 1280K, reserved 1048576K
}
Event: 1.365 GC heap after
{Heap after GC invocations=1 (full 0):
 garbage-first heap   total 98304K, used 8685K [0x00000000a0e00000, 0x0000000100000000)
  region size 1024K, 3 young (3072K), 3 survivors (3072K)
 Metaspace       used 11539K, committed 11712K, reserved 1064960K
  class space    used 1186K, committed 1280K, reserved 1048576K
}
Event: 2.710 GC heap before
{Heap before GC invocations=1 (full 0):
 garbage-first heap   total 98304K, used 36333K [0x00000000a0e00000, 0x0000000100000000)
  region size 1024K, 30 young (30720K), 3 survivors (3072K)
 Metaspace       used 19693K, committed 19904K, reserved 1073152K
  class space    used 2161K, committed 2240K, reserved 1048576K
}
Event: 2.720 GC heap after
{Heap after GC invocations=2 (full 0):
 garbage-first heap   total 98304K, used 11654K [0x00000000a0e00000, 0x0000000100000000)
  region size 1024K, 3 young (3072K), 3 survivors (3072K)
 Metaspace       used 19693K, committed 19904K, reserved 1073152K
  class space    used 2161K, committed 2240K, reserved 1048576K
}
Event: 4.377 GC heap before
{Heap before GC invocations=2 (full 0):
 garbage-first heap   total 98304K, used 19846K [0x00000000a0e00000, 0x0000000100000000)
  region size 1024K, 12 young (12288K), 3 survivors (3072K)
 Metaspace       used 21332K, committed 21504K, reserved 1073152K
  class space    used 2388K, committed 2496K, reserved 1048576K
}
Event: 4.383 GC heap after
{Heap after GC invocations=3 (full 0):
 garbage-first heap   total 98304K, used 12226K [0x00000000a0e00000, 0x0000000100000000)
  region size 1024K, 4 young (4096K), 4 survivors (4096K)
 Metaspace       used 21332K, committed 21504K, reserved 1073152K
  class space    used 2388K, committed 2496K, reserved 1048576K
}
Event: 5.010 GC heap before
{Heap before GC invocations=4 (full 0):
 garbage-first heap   total 48128K, used 34754K [0x00000000a0e00000, 0x0000000100000000)
  region size 1024K, 27 young (27648K), 4 survivors (4096K)
 Metaspace       used 27060K, committed 27264K, reserved 1073152K
  class space    used 3106K, committed 3200K, reserved 1048576K
}
Event: 5.017 GC heap after
{Heap after GC invocations=5 (full 0):
 garbage-first heap   total 48128K, used 13508K [0x00000000a0e00000, 0x0000000100000000)
  region size 1024K, 2 young (2048K), 2 survivors (2048K)
 Metaspace       used 27060K, committed 27264K, reserved 1073152K
  class space    used 3106K, committed 3200K, reserved 1048576K
}
Event: 5.512 GC heap before
{Heap before GC invocations=5 (full 0):
 garbage-first heap   total 48128K, used 30916K [0x00000000a0e00000, 0x0000000100000000)
  region size 1024K, 20 young (20480K), 2 survivors (2048K)
 Metaspace       used 29774K, committed 30016K, reserved 1081344K
  class space    used 3437K, committed 3520K, reserved 1048576K
}
Event: 5.518 GC heap after
{Heap after GC invocations=6 (full 0):
 garbage-first heap   total 48128K, used 15085K [0x00000000a0e00000, 0x0000000100000000)
  region size 1024K, 3 young (3072K), 3 survivors (3072K)
 Metaspace       used 29774K, committed 30016K, reserved 1081344K
  class space    used 3437K, committed 3520K, reserved 1048576K
}
Event: 6.306 GC heap before
{Heap before GC invocations=6 (full 0):
 garbage-first heap   total 48128K, used 33517K [0x00000000a0e00000, 0x0000000100000000)
  region size 1024K, 21 young (21504K), 3 survivors (3072K)
 Metaspace       used 30833K, committed 31104K, reserved 1081344K
  class space    used 3563K, committed 3712K, reserved 1048576K
}
Event: 6.314 GC heap after
{Heap after GC invocations=7 (full 0):
 garbage-first heap   total 48128K, used 16578K [0x00000000a0e00000, 0x0000000100000000)
  region size 1024K, 3 young (3072K), 3 survivors (3072K)
 Metaspace       used 30833K, committed 31104K, reserved 1081344K
  class space    used 3563K, committed 3712K, reserved 1048576K
}
Event: 7.139 GC heap before
{Heap before GC invocations=7 (full 0):
 garbage-first heap   total 48128K, used 35010K [0x00000000a0e00000, 0x0000000100000000)
  region size 1024K, 21 young (21504K), 3 survivors (3072K)
 Metaspace       used 33419K, committed 33728K, reserved 1081344K
  class space    used 3971K, committed 4096K, reserved 1048576K
}
Event: 7.145 GC heap after
{Heap after GC invocations=8 (full 0):
 garbage-first heap   total 48128K, used 17187K [0x00000000a0e00000, 0x0000000100000000)
  region size 1024K, 3 young (3072K), 3 survivors (3072K)
 Metaspace       used 33419K, committed 33728K, reserved 1081344K
  class space    used 3971K, committed 4096K, reserved 1048576K
}
Event: 7.990 GC heap before
{Heap before GC invocations=8 (full 0):
 garbage-first heap   total 48128K, used 34595K [0x00000000a0e00000, 0x0000000100000000)
  region size 1024K, 21 young (21504K), 3 survivors (3072K)
 Metaspace       used 35845K, committed 36096K, reserved 1081344K
  class space    used 4348K, committed 4480K, reserved 1048576K
}
Event: 7.997 GC heap after
{Heap after GC invocations=9 (full 0):
 garbage-first heap   total 48128K, used 18594K [0x00000000a0e00000, 0x0000000100000000)
  region size 1024K, 3 young (3072K), 3 survivors (3072K)
 Metaspace       used 35845K, committed 36096K, reserved 1081344K
  class space    used 4348K, committed 4480K, reserved 1048576K
}
Event: 8.785 GC heap before
{Heap before GC invocations=10 (full 0):
 garbage-first heap   total 48128K, used 36002K [0x00000000a0e00000, 0x0000000100000000)
  region size 1024K, 21 young (21504K), 3 survivors (3072K)
 Metaspace       used 39782K, committed 40064K, reserved 1089536K
  class space    used 5013K, committed 5120K, reserved 1048576K
}
Event: 8.792 GC heap after
{Heap after GC invocations=11 (full 0):
 garbage-first heap   total 58368K, used 19807K [0x00000000a0e00000, 0x0000000100000000)
  region size 1024K, 3 young (3072K), 3 survivors (3072K)
 Metaspace       used 39782K, committed 40064K, reserved 1089536K
  class space    used 5013K, committed 5120K, reserved 1048576K
}

