# JRE version: OpenJDK Runtime Environment Temurin-17.0.6+10 (17.0.6+10) (build 17.0.6+10)
# Java VM: OpenJDK 64-Bit Server VM Temurin-17.0.6+10 (17.0.6+10, mixed mode, tiered, compressed oops, compressed class ptrs, g1 gc, windows-amd64)
GC Precious Log:
 CPUs: 8 total, 8 available
 Memory: 6082M
 Large Page Support: Disabled
 NUMA Support: Disabled
 Compressed Oops: Enabled (32-bit)
 Heap Region Size: 1M
 Heap Min Capacity: 8M
 Heap Initial Capacity: 96M
 Heap Max Capacity: 1522M
 Pre-touch: Disabled
 Parallel Workers: 8
 Concurrent Workers: 2
 Concurrent Refinement Workers: 8
 Periodic GC: Disabled
Heap:
 garbage-first heap   total 70656K, used 52610K [0x00000000a0e00000, 0x0000000100000000)
  region size 1024K, 23 young (23552K), 3 survivors (3072K)
 Metaspace       used 69147K, committed 69504K, reserved 1114112K
  class space    used 9082K, committed 9280K, reserved 1048576K
GC Heap History (20 events):
Event: 10.201 GC heap before
{Heap before GC invocations=15 (full 0):
 garbage-first heap   total 48128K, used 37200K [0x00000000a0e00000, 0x0000000100000000)
  region size 1024K, 18 young (18432K), 1 survivors (1024K)
 Metaspace       used 43930K, committed 44224K, reserved 1089536K
  class space    used 5707K, committed 5824K, reserved 1048576K
}
Event: 10.207 GC heap after
{Heap after GC invocations=16 (full 0):
 garbage-first heap   total 48128K, used 21037K [0x00000000a0e00000, 0x0000000100000000)
  region size 1024K, 3 young (3072K), 3 survivors (3072K)
 Metaspace       used 43930K, committed 44224K, reserved 1089536K
  class space    used 5707K, committed 5824K, reserved 1048576K
}
Event: 10.247 GC heap before
{Heap before GC invocations=16 (full 0):
 garbage-first heap   total 48128K, used 22061K [0x00000000a0e00000, 0x0000000100000000)
  region size 1024K, 4 young (4096K), 3 survivors (3072K)
 Metaspace       used 43972K, committed 44352K, reserved 1089536K
  class space    used 5710K, committed 5888K, reserved 1048576K
}
Event: 10.253 GC heap after
{Heap after GC invocations=17 (full 0):
 garbage-first heap   total 48128K, used 21097K [0x00000000a0e00000, 0x0000000100000000)
  region size 1024K, 1 young (1024K), 1 survivors (1024K)
 Metaspace       used 43972K, committed 44352K, reserved 1089536K
  class space    used 5710K, committed 5888K, reserved 1048576K
}
Event: 11.183 GC heap before
{Heap before GC invocations=17 (full 0):
 garbage-first heap   total 48128K, used 36457K [0x00000000a0e00000, 0x0000000100000000)
  region size 1024K, 17 young (17408K), 1 survivors (1024K)
 Metaspace       used 47153K, committed 47488K, reserved 1097728K
  class space    used 6141K, committed 6272K, reserved 1048576K
}
Event: 11.186 GC heap after
{Heap after GC invocations=18 (full 0):
 garbage-first heap   total 58368K, used 21870K [0x00000000a0e00000, 0x0000000100000000)
  region size 1024K, 2 young (2048K), 2 survivors (2048K)
 Metaspace       used 47153K, committed 47488K, reserved 1097728K
  class space    used 6141K, committed 6272K, reserved 1048576K
}
Event: 12.355 GC heap before
{Heap before GC invocations=18 (full 0):
 garbage-first heap   total 58368K, used 43374K [0x00000000a0e00000, 0x0000000100000000)
  region size 1024K, 24 young (24576K), 2 survivors (2048K)
 Metaspace       used 56339K, committed 56640K, reserved 1097728K
  class space    used 7354K, committed 7488K, reserved 1048576K
}
Event: 12.363 GC heap after
{Heap after GC invocations=19 (full 0):
 garbage-first heap   total 58368K, used 24350K [0x00000000a0e00000, 0x0000000100000000)
  region size 1024K, 3 young (3072K), 3 survivors (3072K)
 Metaspace       used 56339K, committed 56640K, reserved 1097728K
  class space    used 7354K, committed 7488K, reserved 1048576K
}
Event: 13.065 GC heap before
{Heap before GC invocations=19 (full 0):
 garbage-first heap   total 58368K, used 45854K [0x00000000a0e00000, 0x0000000100000000)
  region size 1024K, 24 young (24576K), 3 survivors (3072K)
 Metaspace       used 60685K, committed 60992K, reserved 1105920K
  class space    used 7900K, committed 8064K, reserved 1048576K
}
Event: 13.073 GC heap after
{Heap after GC invocations=20 (full 0):
 garbage-first heap   total 58368K, used 25847K [0x00000000a0e00000, 0x0000000100000000)
  region size 1024K, 2 young (2048K), 2 survivors (2048K)
 Metaspace       used 60685K, committed 60992K, reserved 1105920K
  class space    used 7900K, committed 8064K, reserved 1048576K
}
Event: 13.910 GC heap before
{Heap before GC invocations=20 (full 0):
 garbage-first heap   total 58368K, used 46327K [0x00000000a0e00000, 0x0000000100000000)
  region size 1024K, 22 young (22528K), 2 survivors (2048K)
 Metaspace       used 63398K, committed 63808K, reserved 1105920K
  class space    used 8266K, committed 8448K, reserved 1048576K
}
Event: 13.916 GC heap after
{Heap after GC invocations=21 (full 0):
 garbage-first heap   total 58368K, used 26989K [0x00000000a0e00000, 0x0000000100000000)
  region size 1024K, 3 young (3072K), 3 survivors (3072K)
 Metaspace       used 63398K, committed 63808K, reserved 1105920K
  class space    used 8266K, committed 8448K, reserved 1048576K
}
Event: 14.660 GC heap before
{Heap before GC invocations=21 (full 0):
 garbage-first heap   total 58368K, used 46445K [0x00000000a0e00000, 0x0000000100000000)
  region size 1024K, 22 young (22528K), 3 survivors (3072K)
 Metaspace       used 64852K, committed 65280K, reserved 1105920K
  class space    used 8496K, committed 8704K, reserved 1048576K
}
Event: 14.669 GC heap after
{Heap after GC invocations=22 (full 0):
 garbage-first heap   total 58368K, used 28552K [0x00000000a0e00000, 0x0000000100000000)
  region size 1024K, 3 young (3072K), 3 survivors (3072K)
 Metaspace       used 64852K, committed 65280K, reserved 1105920K
  class space    used 8496K, committed 8704K, reserved 1048576K
}
Event: 15.208 GC heap before
{Heap before GC invocations=22 (full 0):
 garbage-first heap   total 58368K, used 46984K [0x00000000a0e00000, 0x0000000100000000)
  region size 1024K, 21 young (21504K), 3 survivors (3072K)
 Metaspace       used 65784K, committed 66112K, reserved 1114112K
  class space    used 8608K, committed 8768K, reserved 1048576K
}
Event: 15.219 GC heap after
{Heap after GC invocations=23 (full 0):
 garbage-first heap   total 58368K, used 30093K [0x00000000a0e00000, 0x0000000100000000)
  region size 1024K, 3 young (3072K), 3 survivors (3072K)
 Metaspace       used 65784K, committed 66112K, reserved 1114112K
  class space    used 8608K, committed 8768K, reserved 1048576K
}
Event: 15.829 GC heap before
{Heap before GC invocations=23 (full 0):
 garbage-first heap   total 58368K, used 46477K [0x00000000a0e00000, 0x0000000100000000)
  region size 1024K, 19 young (19456K), 3 survivors (3072K)
 Metaspace       used 67408K, committed 67840K, reserved 1114112K
  class space    used 8826K, committed 9024K, reserved 1048576K
}
Event: 15.838 GC heap after
{Heap after GC invocations=24 (full 0):
 garbage-first heap   total 58368K, used 31693K [0x00000000a0e00000, 0x0000000100000000)
  region size 1024K, 2 young (2048K), 2 survivors (2048K)
 Metaspace       used 67408K, committed 67840K, reserved 1114112K
  class space    used 8826K, committed 9024K, reserved 1048576K
}
Event: 16.431 GC heap before
{Heap before GC invocations=24 (full 0):
 garbage-first heap   total 58368K, used 47053K [0x00000000a0e00000, 0x0000000100000000)
  region size 1024K, 17 young (17408K), 2 survivors (2048K)
 Metaspace       used 68276K, committed 68672K, reserved 1114112K
  class space    used 8954K, committed 9152K, reserved 1048576K
}
Event: 16.438 GC heap after
{Heap after GC invocations=25 (full 0):
 garbage-first heap   total 70656K, used 33154K [0x00000000a0e00000, 0x0000000100000000)
  region size 1024K, 3 young (3072K), 3 survivors (3072K)
 Metaspace       used 68276K, committed 68672K, reserved 1114112K
  class space    used 8954K, committed 9152K, reserved 1048576K
}

