# JRE version: OpenJDK Runtime Environment Temurin-17.0.6+10 (17.0.6+10) (build 17.0.6+10)
# Java VM: OpenJDK 64-Bit Server VM Temurin-17.0.6+10 (17.0.6+10, mixed mode, tiered, compressed oops, compressed class ptrs, g1 gc, windows-amd64)
GC Precious Log:
 CPUs: 8 total, 8 available
 Memory: 6082M
 Large Page Support: Disabled
 NUMA Support: Disabled
 Compressed Oops: Enabled (32-bit)
 Heap Region Size: 1M
 Heap Min Capacity: 8M
 Heap Initial Capacity: 96M
 Heap Max Capacity: 1522M
 Pre-touch: Disabled
 Parallel Workers: 8
 Concurrent Workers: 2
 Concurrent Refinement Workers: 8
 Periodic GC: Disabled
Heap:
 garbage-first heap   total 48128K, used 19061K [0x00000000a0e00000, 0x0000000100000000)
  region size 1024K, 7 young (7168K), 2 survivors (2048K)
 Metaspace       used 30108K, committed 30336K, reserved 1081344K
  class space    used 3477K, committed 3584K, reserved 1048576K
GC Heap History (12 events):
Event: 1.531 GC heap before
{Heap before GC invocations=0 (full 0):
 garbage-first heap   total 98304K, used 24576K [0x00000000a0e00000, 0x0000000100000000)
  region size 1024K, 23 young (23552K), 0 survivors (0K)
 Metaspace       used 11571K, committed 11712K, reserved 1064960K
  class space    used 1194K, committed 1280K, reserved 1048576K
}
Event: 1.540 GC heap after
{Heap after GC invocations=1 (full 0):
 garbage-first heap   total 98304K, used 9403K [0x00000000a0e00000, 0x0000000100000000)
  region size 1024K, 3 young (3072K), 3 survivors (3072K)
 Metaspace       used 11571K, committed 11712K, reserved 1064960K
  class space    used 1194K, committed 1280K, reserved 1048576K
}
Event: 2.891 GC heap before
{Heap before GC invocations=1 (full 0):
 garbage-first heap   total 98304K, used 37051K [0x00000000a0e00000, 0x0000000100000000)
  region size 1024K, 30 young (30720K), 3 survivors (3072K)
 Metaspace       used 19769K, committed 19904K, reserved 1073152K
  class space    used 2174K, committed 2240K, reserved 1048576K
}
Event: 2.900 GC heap after
{Heap after GC invocations=2 (full 0):
 garbage-first heap   total 98304K, used 11740K [0x00000000a0e00000, 0x0000000100000000)
  region size 1024K, 3 young (3072K), 3 survivors (3072K)
 Metaspace       used 19769K, committed 19904K, reserved 1073152K
  class space    used 2174K, committed 2240K, reserved 1048576K
}
Event: 4.555 GC heap before
{Heap before GC invocations=2 (full 0):
 garbage-first heap   total 98304K, used 18908K [0x00000000a0e00000, 0x0000000100000000)
  region size 1024K, 11 young (11264K), 3 survivors (3072K)
 Metaspace       used 21325K, committed 21504K, reserved 1073152K
  class space    used 2390K, committed 2496K, reserved 1048576K
}
Event: 4.561 GC heap after
{Heap after GC invocations=3 (full 0):
 garbage-first heap   total 98304K, used 12431K [0x00000000a0e00000, 0x0000000100000000)
  region size 1024K, 4 young (4096K), 4 survivors (4096K)
 Metaspace       used 21325K, committed 21504K, reserved 1073152K
  class space    used 2390K, committed 2496K, reserved 1048576K
}
Event: 5.225 GC heap before
{Heap before GC invocations=4 (full 0):
 garbage-first heap   total 48128K, used 34959K [0x00000000a0e00000, 0x0000000100000000)
  region size 1024K, 27 young (27648K), 4 survivors (4096K)
 Metaspace       used 27027K, committed 27264K, reserved 1073152K
  class space    used 3104K, committed 3200K, reserved 1048576K
}
Event: 5.234 GC heap after
{Heap after GC invocations=5 (full 0):
 garbage-first heap   total 48128K, used 13817K [0x00000000a0e00000, 0x0000000100000000)
  region size 1024K, 3 young (3072K), 3 survivors (3072K)
 Metaspace       used 27027K, committed 27264K, reserved 1073152K
  class space    used 3104K, committed 3200K, reserved 1048576K
}
Event: 5.250 GC heap before
{Heap before GC invocations=5 (full 0):
 garbage-first heap   total 48128K, used 13817K [0x00000000a0e00000, 0x0000000100000000)
  region size 1024K, 4 young (4096K), 3 survivors (3072K)
 Metaspace       used 27217K, committed 27520K, reserved 1073152K
  class space    used 3126K, committed 3264K, reserved 1048576K
}
Event: 5.254 GC heap after
{Heap after GC invocations=6 (full 0):
 garbage-first heap   total 48128K, used 13715K [0x00000000a0e00000, 0x0000000100000000)
  region size 1024K, 1 young (1024K), 1 survivors (1024K)
 Metaspace       used 27217K, committed 27520K, reserved 1073152K
  class space    used 3126K, committed 3264K, reserved 1048576K
}
Event: 5.786 GC heap before
{Heap before GC invocations=6 (full 0):
 garbage-first heap   total 48128K, used 31123K [0x00000000a0e00000, 0x0000000100000000)
  region size 1024K, 19 young (19456K), 1 survivors (1024K)
 Metaspace       used 29797K, committed 30080K, reserved 1081344K
  class space    used 3442K, committed 3584K, reserved 1048576K
}
Event: 5.790 GC heap after
{Heap after GC invocations=7 (full 0):
 garbage-first heap   total 48128K, used 14965K [0x00000000a0e00000, 0x0000000100000000)
  region size 1024K, 2 young (2048K), 2 survivors (2048K)
 Metaspace       used 29797K, committed 30080K, reserved 1081344K
  class space    used 3442K, committed 3584K, reserved 1048576K
}

